<?xml version="1.0" encoding="UTF-8"?>
<!-- Generated by org.testng.reporters.JUnitXMLReporter -->
<testsuite ignored="6" hostname="LAPTOP-OFMQTK0O" failures="0" tests="8" name="Test" time="4.637" errors="0" timestamp="2025-07-14T11:39:02 IST">
  <testcase classname="baseClass.LibraryClass" name="@BeforeTest openApp" time="4.546">
    <failure type="java.lang.NullPointerException" message="null value in entry: url=null">
      <![CDATA[java.lang.NullPointerException: null value in entry: url=null
at com.google.common.collect.CollectPreconditions.checkEntryNotNull(CollectPreconditions.java:33)
at com.google.common.collect.SingletonImmutableBiMap.<init>(SingletonImmutableBiMap.java:43)
at com.google.common.collect.ImmutableBiMap.of(ImmutableBiMap.java:83)
at com.google.common.collect.ImmutableMap.of(ImmutableMap.java:130)
at org.openqa.selenium.remote.DriverCommand.GET(DriverCommand.java:191)
at org.openqa.selenium.remote.RemoteWebDriver.get(RemoteWebDriver.java:304)
at baseClass.LibraryClass.openApplication(LibraryClass.java:89)
at baseClass.LibraryClass.openApp(LibraryClass.java:32)
... Removed 22 stack frames]]>
    </failure>
  </testcase> <!-- @BeforeTest openApp -->
  <testcase classname="testCases.FlipkartResulTest" name="@BeforeClass initiallize" time="0.0">
    <skipped/>
  </testcase> <!-- @BeforeClass initiallize -->
  <testcase classname="testCases.FlipkartResulTest" name="@AfterClass last" time="0.0">
    <skipped/>
  </testcase> <!-- @AfterClass last -->
  <testcase classname="testCases.FlipkartAddToCartTest" name="@BeforeClass initiallize" time="0.0">
    <skipped/>
  </testcase> <!-- @BeforeClass initiallize -->
  <testcase classname="testCases.FlipkartAddToCartTest" name="@AfterClass last" time="0.0">
    <skipped/>
  </testcase> <!-- @AfterClass last -->
  <testcase classname="testCases.FlipkartFilterTest" name="@BeforeClass initiallize" time="0.0">
    <skipped/>
  </testcase> <!-- @BeforeClass initiallize -->
  <testcase classname="testCases.FlipkartFilterTest" name="@AfterClass last" time="0.0">
    <skipped/>
  </testcase> <!-- @AfterClass last -->
  <testcase classname="testCases.FlipkartSearchtest" name="@BeforeClass initialize" time="0.0">
    <skipped/>
  </testcase> <!-- @BeforeClass initialize -->
  <testcase classname="testCases.FlipkartSearchtest" name="@AfterClass last" time="0.0">
    <skipped/>
  </testcase> <!-- @AfterClass last -->
  <testcase classname="baseClass.LibraryClass" name="@AfterTest closeApp" time="0.0">
    <skipped/>
  </testcase> <!-- @AfterTest closeApp -->
  <testcase classname="testCases.FlipkartResulTest" name="resultClick" time="0.0">
    <skipped/>
  </testcase> <!-- resultClick -->
  <testcase classname="testCases.FlipkartResulTest" name="changeWndow" time="0.0">
    <skipped/>
  </testcase> <!-- changeWndow -->
  <testcase classname="testCases.FlipkartResulTest" name="getProductDetails" time="0.0">
    <skipped/>
  </testcase> <!-- getProductDetails -->
  <testcase classname="testCases.FlipkartAddToCartTest" name="addToCart" time="0.0">
    <skipped/>
  </testcase> <!-- addToCart -->
  <testcase classname="testCases.FlipkartAddToCartTest" name="cart" time="0.0">
    <skipped/>
  </testcase> <!-- cart -->
  <testcase classname="testCases.FlipkartFilterTest" name="testFilterBrand" time="0.0">
    <skipped/>
  </testcase> <!-- testFilterBrand -->
  <testcase classname="testCases.FlipkartFilterTest" name="testFilterRAM" time="0.0">
    <skipped/>
  </testcase> <!-- testFilterRAM -->
  <testcase classname="testCases.FlipkartSearchtest" name="searchmobile" time="0.0">
    <skipped/>
  </testcase> <!-- searchmobile -->
  <testcase classname="baseClass.LibraryClass" name="@AfterTest closeApp" time="0.0">
    <ignored/>
  </testcase> <!-- @AfterTest closeApp -->
  <testcase classname="baseClass.LibraryClass" name="@BeforeTest openApp" time="0.0">
    <ignored/>
  </testcase> <!-- @BeforeTest openApp -->
  <testcase classname="baseClass.LibraryClass" name="@BeforeTest openApp" time="0.0">
    <ignored/>
  </testcase> <!-- @BeforeTest openApp -->
  <testcase classname="baseClass.LibraryClass" name="@BeforeTest openApp" time="0.0">
    <ignored/>
  </testcase> <!-- @BeforeTest openApp -->
  <testcase classname="baseClass.LibraryClass" name="@AfterTest closeApp" time="0.0">
    <ignored/>
  </testcase> <!-- @AfterTest closeApp -->
  <testcase classname="baseClass.LibraryClass" name="@AfterTest closeApp" time="0.0">
    <ignored/>
  </testcase> <!-- @AfterTest closeApp -->
</testsuite> <!-- Test -->
