<?xml version="1.0" encoding="UTF-8"?>
<testng-results ignored="0" total="3" passed="3" failed="0" skipped="0">
  <reporter-output>
  </reporter-output>
  <suite started-at="2025-08-12T12:52:29 IST" name="Default suite" finished-at="2025-08-12T12:53:36 IST" duration-ms="66163">
    <groups>
      <group name="cucumber">
        <method signature="AbstractTestNGCucumberTests.runScenario(io.cucumber.testng.PickleWrapper,io.cucumber.testng.FeatureWrapper)[pri:0, instance:testRunner.TestRunner@7b02881e]" name="runScenario" class="io.cucumber.testng.AbstractTestNGCucumberTests"/>
      </group> <!-- cucumber -->
    </groups>
    <test started-at="2025-08-12T12:52:29 IST" name="Default test" finished-at="2025-08-12T12:53:36 IST" duration-ms="66163">
      <class name="testRunner.TestRunner">
        <test-method is-config="true" signature="setUpClass(org.testng.ITestContext)[pri:0, instance:testRunner.TestRunner@7b02881e]" started-at="2025-08-12T12:52:29 IST" name="setUpClass" finished-at="2025-08-12T12:52:30 IST" duration-ms="619" status="PASS">
          <params>
            <param index="0">
              <value>
                <![CDATA[org.testng.TestRunner@52eca410]]>
              </value>
            </param>
          </params>
          <reporter-output>
          </reporter-output>
        </test-method> <!-- setUpClass -->
        <test-method signature="runScenario(io.cucumber.testng.PickleWrapper,io.cucumber.testng.FeatureWrapper)[pri:0, instance:testRunner.TestRunner@7b02881e]" started-at="2025-08-12T12:52:30 IST" name="runScenario" description="Runs Cucumber Scenarios" data-provider="scenarios" finished-at="2025-08-12T12:52:56 IST" duration-ms="26011" status="PASS">
          <params>
            <param index="0">
              <value>
                <![CDATA["To validate filter option in flipkart"]]>
              </value>
            </param>
            <param index="1">
              <value>
                <![CDATA["To validate the Flipkart functionality"]]>
              </value>
            </param>
          </params>
          <reporter-output>
          </reporter-output>
        </test-method> <!-- runScenario -->
        <test-method signature="runScenario(io.cucumber.testng.PickleWrapper,io.cucumber.testng.FeatureWrapper)[pri:0, instance:testRunner.TestRunner@7b02881e]" started-at="2025-08-12T12:52:56 IST" name="runScenario" description="Runs Cucumber Scenarios" data-provider="scenarios" finished-at="2025-08-12T12:53:15 IST" duration-ms="19269" status="PASS">
          <params>
            <param index="0">
              <value>
                <![CDATA["To select searched result"]]>
              </value>
            </param>
            <param index="1">
              <value>
                <![CDATA["To validate the Flipkart functionality"]]>
              </value>
            </param>
          </params>
          <reporter-output>
          </reporter-output>
        </test-method> <!-- runScenario -->
        <test-method signature="runScenario(io.cucumber.testng.PickleWrapper,io.cucumber.testng.FeatureWrapper)[pri:0, instance:testRunner.TestRunner@7b02881e]" started-at="2025-08-12T12:53:15 IST" name="runScenario" description="Runs Cucumber Scenarios" data-provider="scenarios" finished-at="2025-08-12T12:53:36 IST" duration-ms="20193" status="PASS">
          <params>
            <param index="0">
              <value>
                <![CDATA["To validate add to cart funtionality"]]>
              </value>
            </param>
            <param index="1">
              <value>
                <![CDATA["To validate the Flipkart functionality"]]>
              </value>
            </param>
          </params>
          <reporter-output>
          </reporter-output>
        </test-method> <!-- runScenario -->
        <test-method is-config="true" signature="tearDownClass()[pri:0, instance:testRunner.TestRunner@7b02881e]" started-at="2025-08-12T12:53:36 IST" name="tearDownClass" finished-at="2025-08-12T12:53:36 IST" duration-ms="31" status="PASS">
          <reporter-output>
          </reporter-output>
        </test-method> <!-- tearDownClass -->
      </class> <!-- testRunner.TestRunner -->
    </test> <!-- Default test -->
  </suite> <!-- Default suite -->
</testng-results>
